<?xml version="1.0" encoding="UTF-8"?>
<testsuite xmlns:xsi="http://www.w3.org/2001/XMLSchema-instance" xsi:noNamespaceSchemaLocation="https://maven.apache.org/surefire/maven-surefire-plugin/xsd/surefire-test-report-3.0.xsd" version="3.0" name="cz.cvut.fel.nss.ordercommandservice.pipeline.TechnicalValidationFilterTest" time="0.029" tests="7" errors="0" skipped="0" failures="0">
  <properties>
[...]
</properties>
  <testcase name="process_InvalidTotalAmount_ShouldThrowException" classname="cz.cvut.fel.nss.ordercommandservice.pipeline.TechnicalValidationFilterTest" time="0.01"/>
  <testcase name="process_MissingBillingAddress_ShouldThrowException" classname="cz.cvut.fel.nss.ordercommandservice.pipeline.TechnicalValidationFilterTest" time="0.001"/>
  <testcase name="process_NoItems_ShouldThrowException" classname="cz.cvut.fel.nss.ordercommandservice.pipeline.TechnicalValidationFilterTest" time="0.001"/>
  <testcase name="process_EmptyCustomerId_ShouldThrowException" classname="cz.cvut.fel.nss.ordercommandservice.pipeline.TechnicalValidationFilterTest" time="0.001"/>
  <testcase name="process_MissingShippingAddress_ShouldThrowException" classname="cz.cvut.fel.nss.ordercommandservice.pipeline.TechnicalValidationFilterTest" time="0.001"/>
  <testcase name="process_NullCustomerId_ShouldThrowException" classname="cz.cvut.fel.nss.ordercommandservice.pipeline.TechnicalValidationFilterTest" time="0.001"/>
  <testcase name="process_ValidOrder_ShouldPass" classname="cz.cvut.fel.nss.ordercommandservice.pipeline.TechnicalValidationFilterTest" time="0.003"/>
</testsuite>