<?xml version="1.0" encoding="UTF-8"?>
<testsuite xmlns:xsi="http://www.w3.org/2001/XMLSchema-instance" xsi:noNamespaceSchemaLocation="https://maven.apache.org/surefire/maven-surefire-plugin/xsd/surefire-test-report-3.0.xsd" version="3.0" name="cz.cvut.fel.nss.ordercommandservice.controller.OrderControllerIntegrationTest" time="19.13" tests="2" errors="0" skipped="0" failures="0">
  <properties>
[...]
</properties>
  <testcase name="createOrder_InvalidRequest_ShouldReturnBadRequest" classname="cz.cvut.fel.nss.ordercommandservice.controller.OrderControllerIntegrationTest" time="0.576">
    <system-out><![CDATA[14:13:43.266 [main] INFO org.springframework.test.context.support.AnnotationConfigContextLoaderUtils -- Could not detect default configuration classes for test class [cz.cvut.fel.nss.ordercommandservice.controller.OrderControllerIntegrationTest]: OrderControllerIntegrationTest does not declare any static, non-private, non-final, nested classes annotated with @Configuration.
14:13:43.393 [main] INFO org.springframework.boot.test.context.SpringBootTestContextBootstrapper -- Found @SpringBootConfiguration cz.cvut.fel.nss.ordercommandservice.OrderCommandServiceApplication for test class cz.cvut.fel.nss.ordercommandservice.controller.OrderControllerIntegrationTest
14:13:43.633 [main] INFO org.testcontainers.images.PullPolicy -- Image pull policy will be performed by: DefaultPullPolicy()
14:13:43.639 [main] INFO org.testcontainers.utility.ImageNameSubstitutor -- Image name substitution will be performed by: DefaultImageNameSubstitutor (composite of 'ConfigurationFileImageNameSubstitutor' and 'PrefixingImageNameSubstitutor')
14:13:43.902 [main] INFO org.testcontainers.dockerclient.DockerClientProviderStrategy -- Loaded org.testcontainers.dockerclient.NpipeSocketClientProviderStrategy from ~/.testcontainers.properties, will try it first
14:13:44.136 [main] INFO org.testcontainers.dockerclient.DockerClientProviderStrategy -- Found Docker environment with local Npipe socket (npipe:////./pipe/docker_engine)
14:13:44.137 [main] INFO org.testcontainers.DockerClientFactory -- Docker host IP address is localhost
14:13:44.157 [main] INFO org.testcontainers.DockerClientFactory -- Connected to docker: 
  Server Version: 27.5.1
  API Version: 1.47
  Operating System: Docker Desktop
  Total Memory: 6858 MB
14:13:44.270 [main] INFO tc.testcontainers/ryuk:0.6.0 -- Creating container for image: testcontainers/ryuk:0.6.0
14:13:44.447 [main] INFO org.testcontainers.utility.RegistryAuthLocator -- Credential helper/store (docker-credential-desktop) does not have credentials for https://index.docker.io/v1/
14:13:44.592 [main] INFO tc.testcontainers/ryuk:0.6.0 -- Container testcontainers/ryuk:0.6.0 is starting: b324d206a46cf72029fcbcb812e9bf0182752c91ae652148924b69c172f6d73f
14:13:45.193 [main] INFO tc.testcontainers/ryuk:0.6.0 -- Container testcontainers/ryuk:0.6.0 started in PT0.9220938S
14:13:45.203 [main] INFO org.testcontainers.utility.RyukResourceReaper -- Ryuk started - will monitor and terminate Testcontainers containers on JVM exit
14:13:45.203 [main] INFO org.testcontainers.DockerClientFactory -- Checking the system...
14:13:45.204 [main] INFO org.testcontainers.DockerClientFactory -- ?? Docker server version should be at least 1.6.0
14:13:45.206 [main] INFO tc.confluentinc/cp-kafka:7.5.1 -- Creating container for image: confluentinc/cp-kafka:7.5.1
14:13:45.358 [main] INFO tc.confluentinc/cp-kafka:7.5.1 -- Container confluentinc/cp-kafka:7.5.1 is starting: eee77235d55040e14b32dad9f889f7e02594050d705fa0e4900f3dc0d4ab45eb
14:13:50.750 [main] INFO tc.confluentinc/cp-kafka:7.5.1 -- Container confluentinc/cp-kafka:7.5.1 started in PT5.5439376S
14:13:50.751 [main] INFO tc.postgres:16-alpine -- Creating container for image: postgres:16-alpine
14:13:50.910 [main] INFO tc.postgres:16-alpine -- Container postgres:16-alpine is starting: 5ff1e9acd134309f34081e6a9cd4ffa51c7e12c0cc1fb6e246cf541a3c8f821a
14:13:52.935 [main] INFO tc.postgres:16-alpine -- Container postgres:16-alpine started in PT2.1844711S
14:13:52.936 [main] INFO tc.postgres:16-alpine -- Container is started (JDBC URL: jdbc:postgresql://localhost:59580/orderdb_test?loggerLevel=OFF)

  .   ____          _            __ _ _
 /\\ / ___'_ __ _ _(_)_ __  __ _ \ \ \ \
( ( )\___ | '_ | '_| | '_ \/ _` | \ \ \ \
 \\/  ___)| |_)| | | | | || (_| |  ) ) ) )
  '  |____| .__|_| |_|_| |_\__, | / / / /
 =========|_|==============|___/=/_/_/_/
 :: Spring Boot ::                (v3.2.3)

2025-06-05T14:13:53.297+02:00  INFO 12928 --- [order-command-service] [           main] c.f.n.o.c.OrderControllerIntegrationTest : Starting OrderControllerIntegrationTest using Java 17.0.10 with PID 12928 (started by plans in D:\FEL\NSS\nss_semestral\order-command-service)
2025-06-05T14:13:53.297+02:00 DEBUG 12928 --- [order-command-service] [           main] c.f.n.o.c.OrderControllerIntegrationTest : Running with Spring Boot v3.2.3, Spring v6.1.4
2025-06-05T14:13:53.298+02:00  INFO 12928 --- [order-command-service] [           main] c.f.n.o.c.OrderControllerIntegrationTest : No active profile set, falling back to 1 default profile: "default"
2025-06-05T14:13:54.266+02:00  INFO 12928 --- [order-command-service] [           main] .s.d.r.c.RepositoryConfigurationDelegate : Bootstrapping Spring Data JPA repositories in DEFAULT mode.
2025-06-05T14:13:54.433+02:00  INFO 12928 --- [order-command-service] [           main] .s.d.r.c.RepositoryConfigurationDelegate : Finished Spring Data repository scanning in 146 ms. Found 1 JPA repository interface.
2025-06-05T14:13:55.782+02:00  INFO 12928 --- [order-command-service] [           main] o.hibernate.jpa.internal.util.LogHelper  : HHH000204: Processing PersistenceUnitInfo [name: default]
2025-06-05T14:13:55.909+02:00  INFO 12928 --- [order-command-service] [           main] org.hibernate.Version                    : HHH000412: Hibernate ORM core version 6.4.4.Final
2025-06-05T14:13:55.941+02:00  INFO 12928 --- [order-command-service] [           main] o.h.c.internal.RegionFactoryInitiator    : HHH000026: Second-level cache disabled
2025-06-05T14:13:56.191+02:00  INFO 12928 --- [order-command-service] [           main] o.s.o.j.p.SpringPersistenceUnitInfo      : No LoadTimeWeaver setup: ignoring JPA class transformer
2025-06-05T14:13:56.224+02:00  INFO 12928 --- [order-command-service] [           main] com.zaxxer.hikari.HikariDataSource       : HikariPool-1 - Starting...
2025-06-05T14:13:56.426+02:00  INFO 12928 --- [order-command-service] [           main] com.zaxxer.hikari.pool.HikariPool        : HikariPool-1 - Added connection org.postgresql.jdbc.PgConnection@4c418496
2025-06-05T14:13:56.428+02:00  INFO 12928 --- [order-command-service] [           main] com.zaxxer.hikari.HikariDataSource       : HikariPool-1 - Start completed.
2025-06-05T14:13:56.469+02:00  WARN 12928 --- [order-command-service] [           main] org.hibernate.orm.deprecation            : HHH90000025: PostgreSQLDialect does not need to be specified explicitly using 'hibernate.dialect' (remove the property setting and it will be selected by default)
2025-06-05T14:13:57.549+02:00  INFO 12928 --- [order-command-service] [           main] o.h.e.t.j.p.i.JtaPlatformInitiator       : HHH000489: No JTA platform available (set 'hibernate.transaction.jta.platform' to enable JTA platform integration)
Hibernate: 
    create table order_items (
        id bigserial not null,
        product_id varchar(255) not null,
        quantity integer not null,
        total_price numeric(38,2) not null,
        unit_price numeric(38,2) not null,
        order_id bigint not null,
        primary key (id)
    )
Hibernate: 
    create table orders (
        id bigserial not null,
        billing_address varchar(255),
        created_at timestamp(6) not null,
        customer_id varchar(255) not null,
        shipping_address varchar(255),
        status varchar(255) not null check (status in ('CREATED','VALIDATED','INVENTORY_CONFIRMED','PAYMENT_PENDING','PAID','PROCESSING','SHIPPED','DELIVERED','CANCELLED','REFUNDED')),
        total_amount numeric(38,2) not null,
        updated_at timestamp(6),
        primary key (id)
    )
Hibernate: 
    alter table if exists order_items 
       add constraint FKbioxgbv59vetrxe0ejfubep1w 
       foreign key (order_id) 
       references orders
2025-06-05T14:13:57.604+02:00  INFO 12928 --- [order-command-service] [           main] j.LocalContainerEntityManagerFactoryBean : Initialized JPA EntityManagerFactory for persistence unit 'default'
2025-06-05T14:13:58.047+02:00  WARN 12928 --- [order-command-service] [           main] JpaBaseConfiguration$JpaWebConfiguration : spring.jpa.open-in-view is enabled by default. Therefore, database queries may be performed during view rendering. Explicitly configure spring.jpa.open-in-view to disable this warning
2025-06-05T14:13:58.523+02:00  INFO 12928 --- [order-command-service] [           main] o.s.s.web.DefaultSecurityFilterChain     : Will secure any request with [org.springframework.security.web.session.DisableEncodeUrlFilter@6945fdb8, org.springframework.security.web.context.request.async.WebAsyncManagerIntegrationFilter@627dfd9f, org.springframework.security.web.context.SecurityContextHolderFilter@1d8230cd, org.springframework.security.web.header.HeaderWriterFilter@2e29a7d, org.springframework.web.filter.CorsFilter@35e64c7b, org.springframework.security.web.authentication.logout.LogoutFilter@472d7f34, org.springframework.security.web.savedrequest.RequestCacheAwareFilter@738da6f2, org.springframework.security.web.servletapi.SecurityContextHolderAwareRequestFilter@1b513ce8, org.springframework.security.web.authentication.AnonymousAuthenticationFilter@17179a7e, org.springframework.security.web.access.ExceptionTranslationFilter@349504d5, org.springframework.security.web.access.intercept.AuthorizationFilter@1e82b631]
2025-06-05T14:13:59.121+02:00  INFO 12928 --- [order-command-service] [           main] o.s.b.t.m.w.SpringBootMockServletContext : Initializing Spring TestDispatcherServlet ''
2025-06-05T14:13:59.121+02:00  INFO 12928 --- [order-command-service] [           main] o.s.t.web.servlet.TestDispatcherServlet  : Initializing Servlet ''
2025-06-05T14:13:59.123+02:00  INFO 12928 --- [order-command-service] [           main] o.s.t.web.servlet.TestDispatcherServlet  : Completed initialization in 1 ms
2025-06-05T14:13:59.158+02:00  INFO 12928 --- [order-command-service] [           main] c.f.n.o.c.OrderControllerIntegrationTest : Started OrderControllerIntegrationTest in 6.192 seconds (process running for 16.742)
2025-06-05T14:13:59.753+02:00  WARN 12928 --- [order-command-service] [           main] .w.s.m.s.DefaultHandlerExceptionResolver : Resolved [org.springframework.web.bind.MethodArgumentNotValidException: Validation failed for argument [0] in public org.springframework.http.ResponseEntity<cz.cvut.fel.nss.ordercommandservice.model.Order> cz.cvut.fel.nss.ordercommandservice.controller.OrderController.createOrder(cz.cvut.fel.nss.ordercommandservice.dto.CreateOrderRequest) with 4 errors: [Field error in object 'createOrderRequest' on field 'billingAddress': rejected value [null]; codes [NotBlank.createOrderRequest.billingAddress,NotBlank.billingAddress,NotBlank.java.lang.String,NotBlank]; arguments [org.springframework.context.support.DefaultMessageSourceResolvable: codes [createOrderRequest.billingAddress,billingAddress]; arguments []; default message [billingAddress]]; default message [Billing address is required]] [Field error in object 'createOrderRequest' on field 'items': rejected value [null]; codes [NotEmpty.createOrderRequest.items,NotEmpty.items,NotEmpty.java.util.List,NotEmpty]; arguments [org.springframework.context.support.DefaultMessageSourceResolvable: codes [createOrderRequest.items,items]; arguments []; default message [items]]; default message [Order must contain at least one item]] [Field error in object 'createOrderRequest' on field 'shippingAddress': rejected value [null]; codes [NotBlank.createOrderRequest.shippingAddress,NotBlank.shippingAddress,NotBlank.java.lang.String,NotBlank]; arguments [org.springframework.context.support.DefaultMessageSourceResolvable: codes [createOrderRequest.shippingAddress,shippingAddress]; arguments []; default message [shippingAddress]]; default message [Shipping address is required]] [Field error in object 'createOrderRequest' on field 'customerId': rejected value [null]; codes [NotBlank.createOrderRequest.customerId,NotBlank.customerId,NotBlank.java.lang.String,NotBlank]; arguments [org.springframework.context.support.DefaultMessageSourceResolvable: codes [createOrderRequest.customerId,customerId]; arguments []; default message [customerId]]; default message [Customer ID is required]] ]
]]></system-out>
  </testcase>
  <testcase name="createOrder_ValidRequest_ShouldReturnCreated" classname="cz.cvut.fel.nss.ordercommandservice.controller.OrderControllerIntegrationTest" time="0.928">
    <system-out><![CDATA[Hibernate: 
    insert 
    into
        orders
        (billing_address, created_at, customer_id, shipping_address, status, total_amount, updated_at) 
    values
        (?, ?, ?, ?, ?, ?, ?)
Hibernate: 
    insert 
    into
        order_items
        (order_id, product_id, quantity, total_price, unit_price) 
    values
        (?, ?, ?, ?, ?)
2025-06-05T14:13:59.934+02:00  INFO 12928 --- [order-command-service] [           main] o.a.k.clients.producer.ProducerConfig    : ProducerConfig values: 
	acks = -1
	auto.include.jmx.reporter = true
	batch.size = 16384
	bootstrap.servers = [PLAINTEXT://localhost:59571]
	buffer.memory = 33554432
	client.dns.lookup = use_all_dns_ips
	client.id = producer-1
	compression.type = none
	connections.max.idle.ms = 540000
	delivery.timeout.ms = 120000
	enable.idempotence = true
	interceptor.classes = []
	key.serializer = class org.apache.kafka.common.serialization.StringSerializer
	linger.ms = 0
	max.block.ms = 60000
	max.in.flight.requests.per.connection = 5
	max.request.size = 1048576
	metadata.max.age.ms = 300000
	metadata.max.idle.ms = 300000
	metric.reporters = []
	metrics.num.samples = 2
	metrics.recording.level = INFO
	metrics.sample.window.ms = 30000
	partitioner.adaptive.partitioning.enable = true
	partitioner.availability.timeout.ms = 0
	partitioner.class = null
	partitioner.ignore.keys = false
	receive.buffer.bytes = 32768
	reconnect.backoff.max.ms = 1000
	reconnect.backoff.ms = 50
	request.timeout.ms = 30000
	retries = 2147483647
	retry.backoff.ms = 100
	sasl.client.callback.handler.class = null
	sasl.jaas.config = null
	sasl.kerberos.kinit.cmd = /usr/bin/kinit
	sasl.kerberos.min.time.before.relogin = 60000
	sasl.kerberos.service.name = null
	sasl.kerberos.ticket.renew.jitter = 0.05
	sasl.kerberos.ticket.renew.window.factor = 0.8
	sasl.login.callback.handler.class = null
	sasl.login.class = null
	sasl.login.connect.timeout.ms = null
	sasl.login.read.timeout.ms = null
	sasl.login.refresh.buffer.seconds = 300
	sasl.login.refresh.min.period.seconds = 60
	sasl.login.refresh.window.factor = 0.8
	sasl.login.refresh.window.jitter = 0.05
	sasl.login.retry.backoff.max.ms = 10000
	sasl.login.retry.backoff.ms = 100
	sasl.mechanism = GSSAPI
	sasl.oauthbearer.clock.skew.seconds = 30
	sasl.oauthbearer.expected.audience = null
	sasl.oauthbearer.expected.issuer = null
	sasl.oauthbearer.jwks.endpoint.refresh.ms = 3600000
	sasl.oauthbearer.jwks.endpoint.retry.backoff.max.ms = 10000
	sasl.oauthbearer.jwks.endpoint.retry.backoff.ms = 100
	sasl.oauthbearer.jwks.endpoint.url = null
	sasl.oauthbearer.scope.claim.name = scope
	sasl.oauthbearer.sub.claim.name = sub
	sasl.oauthbearer.token.endpoint.url = null
	security.protocol = PLAINTEXT
	security.providers = null
	send.buffer.bytes = 131072
	socket.connection.setup.timeout.max.ms = 30000
	socket.connection.setup.timeout.ms = 10000
	ssl.cipher.suites = null
	ssl.enabled.protocols = [TLSv1.2, TLSv1.3]
	ssl.endpoint.identification.algorithm = https
	ssl.engine.factory.class = null
	ssl.key.password = null
	ssl.keymanager.algorithm = SunX509
	ssl.keystore.certificate.chain = null
	ssl.keystore.key = null
	ssl.keystore.location = null
	ssl.keystore.password = null
	ssl.keystore.type = JKS
	ssl.protocol = TLSv1.3
	ssl.provider = null
	ssl.secure.random.implementation = null
	ssl.trustmanager.algorithm = PKIX
	ssl.truststore.certificates = null
	ssl.truststore.location = null
	ssl.truststore.password = null
	ssl.truststore.type = JKS
	transaction.timeout.ms = 60000
	transactional.id = null
	value.serializer = class org.springframework.kafka.support.serializer.JsonSerializer

2025-06-05T14:14:00.026+02:00  INFO 12928 --- [order-command-service] [           main] o.a.k.clients.producer.KafkaProducer     : [Producer clientId=producer-1] Instantiated an idempotent producer.
2025-06-05T14:14:00.075+02:00  INFO 12928 --- [order-command-service] [           main] o.a.kafka.common.utils.AppInfoParser     : Kafka version: 3.6.1
2025-06-05T14:14:00.075+02:00  INFO 12928 --- [order-command-service] [           main] o.a.kafka.common.utils.AppInfoParser     : Kafka commitId: 5e3c2b738d253ff5
2025-06-05T14:14:00.076+02:00  INFO 12928 --- [order-command-service] [           main] o.a.kafka.common.utils.AppInfoParser     : Kafka startTimeMs: 1749125640073
2025-06-05T14:14:00.399+02:00  WARN 12928 --- [order-command-service] [ad | producer-1] org.apache.kafka.clients.NetworkClient   : [Producer clientId=producer-1] Error while fetching metadata with correlation id 1 : {order-events=LEADER_NOT_AVAILABLE}
2025-06-05T14:14:00.401+02:00  INFO 12928 --- [order-command-service] [ad | producer-1] org.apache.kafka.clients.Metadata        : [Producer clientId=producer-1] Cluster ID: jtEZgG2RQjmcUH431t0jhw
2025-06-05T14:14:00.445+02:00  INFO 12928 --- [order-command-service] [ad | producer-1] o.a.k.c.p.internals.TransactionManager   : [Producer clientId=producer-1] ProducerId set to 0 with epoch 0
2025-06-05T14:14:00.522+02:00  WARN 12928 --- [order-command-service] [ad | producer-1] org.apache.kafka.clients.NetworkClient   : [Producer clientId=producer-1] Error while fetching metadata with correlation id 4 : {order-events=LEADER_NOT_AVAILABLE}
2025-06-05T14:14:00.695+02:00  WARN 12928 --- [order-command-service] [           main] .w.s.m.s.DefaultHandlerExceptionResolver : Ignoring exception, response committed already: org.springframework.http.converter.HttpMessageNotWritableException: Could not write JSON: Infinite recursion (StackOverflowError)
2025-06-05T14:14:00.696+02:00  WARN 12928 --- [order-command-service] [           main] .w.s.m.s.DefaultHandlerExceptionResolver : Resolved [org.springframework.http.converter.HttpMessageNotWritableException: Could not write JSON: Infinite recursion (StackOverflowError)]
]]></system-out>
  </testcase>
</testsuite>